[www.thrust.systems/index.html]
[backblue.gif]
[fade.gif]
[index.html]
[uploads-ssl.webflow.com/610cd06240aaf787d0f85cd4/css/thrust-systems.webflow.be8873636.css]
[ajax.googleapis.com/ajax/libs/webfont/1.6.26/webfont.js]
[uploads-ssl.webflow.com/610cd06240aaf787d0f85cd4/611cb1b61769a322b1e7432b_favicon.png]
[uploads-ssl.webflow.com/610cd06240aaf787d0f85cd4/611cb20a1c4edac539859e00_web-clip.png]
[www.thrust.systems/about-us.html]
[www.thrust.systems/our-beliefs.html]
[www.thrust.systems/why-thrust.html]
[www.thrust.systems/our-strategy.html]
[www.thrust.systems/gallery.html]
[www.thrust.systems/it-infrastructure-solutions.html]
[www.thrust.systems/security-surveillance.html]
[www.thrust.systems/access-controls-systems.html]
[www.thrust.systems/audio-visual-solutions.html]
[www.thrust.systems/fire-alarm-systems.html]
[www.thrust.systems/public-address-systems.html]
[www.thrust.systems/building-management-systems.html]
[www.thrust.systems/nurse-call-systems.html]
[www.thrust.systems/queue-management-systems.html]
[www.thrust.systems/clients.html]
[www.thrust.systems/careers.html]
[www.thrust.systems/contact-us.html]
[uploads-ssl.webflow.com/610cd06240aaf787d0f85cd4/610d253c7e88521ef3165346_3D.png]
[uploads-ssl.webflow.com/610cd06240aaf787d0f85cd4/611258575fa2708dfa39d8b2_tick-80x80.png]
[d3e54v103j8qbb.cloudfront.net/js/jquery-3.5.1.min.dc5e7f18c88ca7.js]
[www.thrust.systems/index.html]
[uploads-ssl.webflow.com/610cd06240aaf787d0f85cd4/js/webflow.dfa346872.js]
[uploads-ssl.webflow.com/610cd06240aaf787d0f85cd4/610cf29203d2ba12538d6a2a_slider3.jpg]
[uploads-ssl.webflow.com/610cd06240aaf787d0f85cd4/610cf29285d7d78836826e0d_slider1.jpg]
[uploads-ssl.webflow.com/610cd06240aaf787d0f85cd4/610cf293080e597c64047efa_slider2.jpg]
[uploads-ssl.webflow.com/610cd06240aaf787d0f85cd4/6123518ef3eb024175ce4c31_slider111.jpg]
[uploads-ssl.webflow.com/610cd06240aaf787d0f85cd4/610d0ffc90cb91a202733f32_slider22.jpg]
[uploads-ssl.webflow.com/610cd06240aaf787d0f85cd4/612392d8a062a223884c4319_why-thrust.jpg]
[uploads-ssl.webflow.com/610cd06240aaf787d0f85cd4/61234cdde9da05a952de7c72_slider01.jpg]
[uploads-ssl.webflow.com/610cd06240aaf787d0f85cd4/6125f2bd8835f840c0684696_client-3.jpg]
[uploads-ssl.webflow.com/610cd06240aaf787d0f85cd4/61126bb37e34933209bd54eb_client-1.jpg]
[uploads-ssl.webflow.com/610cd06240aaf787d0f85cd4/611e50e638fa2324a68e633f_Access-Controls-Systems.jpg]
[uploads-ssl.webflow.com/610cd06240aaf787d0f85cd4/611cc3e9724b07aaf77a93fb_IT-Infrastructure-Solutions.jpg]
[uploads-ssl.webflow.com/610cd06240aaf787d0f85cd4/6120d79f7754cb3e2b591a7b_About.jpg]
[uploads-ssl.webflow.com/610cd06240aaf787d0f85cd4/6120dc6ecdb38182a74f4953_contact-us.jpg]
[uploads-ssl.webflow.com/610cd06240aaf787d0f85cd4/612372d51760c4ce2c34a24b_our-beliefs.jpg]
[uploads-ssl.webflow.com/610cd06240aaf787d0f85cd4/61247d6ea3b654e26d54345a_thrust-banr.jpg]
[uploads-ssl.webflow.com/610cd06240aaf787d0f85cd4/6124c75d6e8fe26319211d5c_client-bnr.jpg]
[uploads-ssl.webflow.com/610cd06240aaf787d0f85cd4/611e418edcbcbcbdb8535496_Security-Surveillance.jpg]
[uploads-ssl.webflow.com/610cd06240aaf787d0f85cd4/61248748e4d32c1abbe7e450_strategy.jpg]
[uploads-ssl.webflow.com/610cd06240aaf787d0f85cd4/6124824387ab19270d4cecf1_gallery.jpg]
[uploads-ssl.webflow.com/610cd06240aaf787d0f85cd4/611f57835a6fade65a2583c7_audio-visual-solutions.jpg]
[uploads-ssl.webflow.com/610cd06240aaf787d0f85cd4/611f5c4884b1284f5fdd775f_Fire-Alarm-System.jpg]
[uploads-ssl.webflow.com/610cd06240aaf787d0f85cd4/611f63f6f6dbed05e3b42457_Public-Address-Systems.jpg]
[uploads-ssl.webflow.com/610cd06240aaf787d0f85cd4/611f7863f2d9030130435f7d_Building-Management-Systems.jpg]
[uploads-ssl.webflow.com/610cd06240aaf787d0f85cd4/611f7f9df8745c76f6190da5_nurse-call-system.jpg]
[uploads-ssl.webflow.com/610cd06240aaf787d0f85cd4/6120afc99bf6c5176bd59ec5_Queue-Management-Systems.jpg]
[uploads-ssl.webflow.com/610cd06240aaf787d0f85cd4/6124e2d72d9576de50bf02f0_career.jpg]
[uploads-ssl.webflow.com/610cd06240aaf787d0f85cd4/61126bb36a1980e4eb434f08_client-2.jpg]
[uploads-ssl.webflow.com/610cd06240aaf787d0f85cd4/css/thrust-systems.webflow.be8873636.css]
[www.thrust.systems/about-us.html]
[uploads-ssl.webflow.com/610cd06240aaf787d0f85cd4/6123781090d0504113556600_beliefs.jpg]
[www.thrust.systems/our-beliefs.html]
[www.thrust.systems/why-thrust.html]
[uploads-ssl.webflow.com/610cd06240aaf787d0f85cd4/6124909ad334e28232e52f50_design.png]
[uploads-ssl.webflow.com/610cd06240aaf787d0f85cd4/612493028640cec38d8e57a9_supply.png]
[uploads-ssl.webflow.com/610cd06240aaf787d0f85cd4/6124932bb8229561d1dab637_Installation.png]
[uploads-ssl.webflow.com/610cd06240aaf787d0f85cd4/612495e1084c070dad9bbdb0_testing.png]
[uploads-ssl.webflow.com/610cd06240aaf787d0f85cd4/6124932be4d32c06f5e827c9_commissioning.png]
[uploads-ssl.webflow.com/610cd06240aaf787d0f85cd4/6124932b90452a70ea3fbb7c_maintenance.png]
[www.thrust.systems/our-strategy.html]
[uploads-ssl.webflow.com/610cd06240aaf787d0f85cd4/612483c4612332988b6052b0_G1.jpg]
[uploads-ssl.webflow.com/610cd06240aaf787d0f85cd4/61263edb799dd22e7c4f57da_gallery2.jpg]
[uploads-ssl.webflow.com/610cd06240aaf787d0f85cd4/610cf173ab03206fcb01981b_slider2.jpg]
[www.thrust.systems/gallery.html]
[uploads-ssl.webflow.com/610cd06240aaf787d0f85cd4/611e27e319b10572bfa6622f_Passive-Infrastructure-Solutions.jpg]
[uploads-ssl.webflow.com/610cd06240aaf787d0f85cd4/611e284b1b1b9d3604a13776_Active-Infrastructure-Solutions.jpg]
[uploads-ssl.webflow.com/610cd06240aaf787d0f85cd4/611e293f977925db82dfa5fb_Asset-Management-Solutions.jpg]
[uploads-ssl.webflow.com/610cd06240aaf787d0f85cd4/611e29dc2c74403b0bbdb773_IP-Telephony-Solutions.jpg]
[uploads-ssl.webflow.com/610cd06240aaf787d0f85cd4/611e2b199189a66a17678dbd_Managed-Services-FMS.jpg]
[www.thrust.systems/it-infrastructure-solutions.html]
[www.thrust.systems/security-surveillance.html]
[uploads-ssl.webflow.com/610cd06240aaf787d0f85cd4/6120f785e15fa70a4edc06ed_Fingerprint.jpg]
[uploads-ssl.webflow.com/610cd06240aaf787d0f85cd4/6120f7d55ff61732bd0c2370_Door Access Control.jpg]
[uploads-ssl.webflow.com/610cd06240aaf787d0f85cd4/6120f80b4f58548410091714_VEHICLE-ACCESS-CONTROL-SYSTEM.jpg]
[uploads-ssl.webflow.com/610cd06240aaf787d0f85cd4/6120f82a4f5854ff4d09173d_long-range.jpg]
[www.thrust.systems/access-controls-systems.html]
[uploads-ssl.webflow.com/610cd06240aaf787d0f85cd4/611de85ccd98e5f4310bab8b_Asset 2.png]
[www.thrust.systems/audio-visual-solutions.html]
[uploads-ssl.webflow.com/610cd06240aaf787d0f85cd4/6120c82d3581050c2689016a_addressable-system.png]
[uploads-ssl.webflow.com/610cd06240aaf787d0f85cd4/6120c8a8c8b80ca695555aca_vesda-system.png]
[uploads-ssl.webflow.com/610cd06240aaf787d0f85cd4/6120c953311ea05b8da53a01_Smoke-&-Heat.png]
[uploads-ssl.webflow.com/610cd06240aaf787d0f85cd4/6120c9e0606b7dcc9718eb9f_duct-detector.png]
[uploads-ssl.webflow.com/610cd06240aaf787d0f85cd4/6120cd44ee27ae670f50f8f6_Horn-&-Strobe.png]
[uploads-ssl.webflow.com/610cd06240aaf787d0f85cd4/6120cdca770f02755c435dfb_emergency-way.png]
[uploads-ssl.webflow.com/610cd06240aaf787d0f85cd4/6120ce6292392241a44dac80_voice-evacuation.png]
[uploads-ssl.webflow.com/610cd06240aaf787d0f85cd4/6120cf2e9e7c25c205f860f3_pull-station.png]
[uploads-ssl.webflow.com/610cd06240aaf787d0f85cd4/6120d0d87754cbd289590a9e_sprinkler.png]
[uploads-ssl.webflow.com/610cd06240aaf787d0f85cd4/6120d161ee27ae11eb5109d7_mass-notification.png]
[www.thrust.systems/fire-alarm-systems.html]
[uploads-ssl.webflow.com/610cd06240aaf787d0f85cd4/6120fbe01cb5ce86ca06a900_amplifier.png]
[uploads-ssl.webflow.com/610cd06240aaf787d0f85cd4/6120fbdfcc8e4640a37aebae_speaker.png]
[uploads-ssl.webflow.com/610cd06240aaf787d0f85cd4/6120fbe007ca16c26a7dbcd1_microphone.png]
[www.thrust.systems/public-address-systems.html]
[uploads-ssl.webflow.com/610cd06240aaf787d0f85cd4/611f9833bcdcbf2f8d0a446c_Hvac1.png]
[uploads-ssl.webflow.com/610cd06240aaf787d0f85cd4/611f99d35eb74ea025288e3d_Lightning.png]
[uploads-ssl.webflow.com/610cd06240aaf787d0f85cd4/611fa050317b0d7c90167d0b_escalator.png]
[uploads-ssl.webflow.com/610cd06240aaf787d0f85cd4/611fa2cfbc30378466756230_motors.png]
[uploads-ssl.webflow.com/610cd06240aaf787d0f85cd4/611fa3ca629ace1f5dc44404_diesel-generator.png]
[uploads-ssl.webflow.com/610cd06240aaf787d0f85cd4/611fa4ddff242a7d3b06ad95_ups.png]
[uploads-ssl.webflow.com/610cd06240aaf787d0f85cd4/611fa600e06dd55753671ad6_fire-suppression.png]
[uploads-ssl.webflow.com/610cd06240aaf787d0f85cd4/611fa7faeceeae4577c9a3a2_fire-detection.png]
[uploads-ssl.webflow.com/610cd06240aaf787d0f85cd4/611fa8dd0f1888385edb8101_CCTV.png]
[uploads-ssl.webflow.com/610cd06240aaf787d0f85cd4/611faa0cbee8fb38d498d8b4_datacenter.png]
[www.thrust.systems/building-management-systems.html]
[uploads-ssl.webflow.com/610cd06240aaf787d0f85cd4/6120a04d7636ac3037c07fa7_Dome Light-Corridor Light.jpg]
[uploads-ssl.webflow.com/610cd06240aaf787d0f85cd4/6120a58dd8fd72ee16858c59_Patient-Station.png]
[uploads-ssl.webflow.com/610cd06240aaf787d0f85cd4/6120a175e0bf2643fb515a82_Pillow Speaker.jpg]
[uploads-ssl.webflow.com/610cd06240aaf787d0f85cd4/6120a18e2596ea44255c22dc_Call Cord.jpg]
[uploads-ssl.webflow.com/610cd06240aaf787d0f85cd4/6120a1c7bc5a471481cb8aef_Nurse Console.jpg]
[uploads-ssl.webflow.com/610cd06240aaf787d0f85cd4/6120a6da65485d8e9b6f68ca_Code-Station.png]
[www.thrust.systems/nurse-call-systems.html]
[www.thrust.systems/queue-management-systems.html]
[www.thrust.systems/clients.html]
[www.thrust.systems/careers.html]
[www.thrust.systems/contact-us.html]
